<?xml version="1.0" encoding="UTF-8"?>
<!-- Generated by org.testng.reporters.JUnitXMLReporter -->
<testsuite hostname="DESKTOP-U83RQPG" name="Regression Test" tests="1" failures="0" timestamp="15 Jul 2019 10:25:09 GMT" time="0.058" errors="0">
  <testcase name="@BeforeClass setUpClass" time="0.0" classname="com.wallethum.testrunner.TestRunner">
    <failure type="cucumber.runtime.CucumberException" message="Couldn&amp;apos;t load plugin class: preety">
      <![CDATA[cucumber.runtime.CucumberException: Couldn't load plugin class: preety
	at cucumber.runtime.formatter.PluginFactory.loadClass(PluginFactory.java:175)
	at cucumber.runtime.formatter.PluginFactory.pluginClass(PluginFactory.java:165)
	at cucumber.runtime.formatter.PluginFactory.getPluginClass(PluginFactory.java:226)
	at cucumber.runtime.formatter.PluginFactory.isFormatterName(PluginFactory.java:195)
	at cucumber.runtime.RuntimeOptionsFactory.addPlugins(RuntimeOptionsFactory.java:90)
	at cucumber.runtime.RuntimeOptionsFactory.buildArgsFromOptions(RuntimeOptionsFactory.java:37)
	at cucumber.runtime.RuntimeOptionsFactory.create(RuntimeOptionsFactory.java:24)
	at cucumber.api.testng.TestNGCucumberRunner.<init>(TestNGCucumberRunner.java:37)
	at com.wallethum.testrunner.TestRunner.setUpClass(TestRunner.java:21)
Caused by: java.lang.ClassNotFoundException: preety
	at java.net.URLClassLoader.findClass(URLClassLoader.java:382)
	at java.lang.ClassLoader.loadClass(ClassLoader.java:424)
	at sun.misc.Launcher$AppClassLoader.loadClass(Launcher.java:349)
	at java.lang.ClassLoader.loadClass(ClassLoader.java:357)
	at cucumber.runtime.formatter.PluginFactory.loadClass(PluginFactory.java:173)
	... 32 more
... Removed 24 stack frames]]>
    </failure>
  </testcase> <!-- @BeforeClass setUpClass -->
  <testcase name="@AfterClass testDownClass" time="0.0" classname="com.wallethum.testrunner.TestRunner">
    <failure type="java.lang.NullPointerException">
      <![CDATA[java.lang.NullPointerException
	at com.wallethum.testrunner.TestRunner.testDownClass(TestRunner.java:36)
... Removed 24 stack frames]]>
    </failure>
  </testcase> <!-- @AfterClass testDownClass -->
  <testcase name="feature" time="0.0" classname="com.wallethum.testrunner.TestRunner">
    <skipped/>
  </testcase> <!-- feature -->
</testsuite> <!-- Regression Test -->
